
+-----+------------+------------------------------------------+
| Sno |  FileName  |                 Location                 |
+-----+------------+------------------------------------------+
|  1  | Resume.pdf |       C:\Users\KshitijAveg\Desktop       |
|  2  | Resume.pdf | C:\Users\KshitijAveg\Documents\Scan Docs |
|  3  | Resume.pdf |    C:\Users\KshitijAveg\Google Drive     |
+-----+------------+------------------------------------------+
Search File HISTORY
+-----+------------+------------------------------------------+
| Sno |  FileName  |                 Location                 |
+-----+------------+------------------------------------------+
|  1  | Resume.pdf |       C:\Users\KshitijAveg\Desktop       |
|  2  | Resume.pdf | C:\Users\KshitijAveg\Documents\Scan Docs |
|  3  | Resume.pdf |    C:\Users\KshitijAveg\Google Drive     |
+-----+------------+------------------------------------------+
LARGEST FILES ON SYSTEM
+-----+------------------------+-------------+--------------------------------------------------------------------------------------------+----------+
| Sno |               FileName | SystemDrive |                                                                               FileLocation | FileSize |
+-----+------------------------+-------------+--------------------------------------------------------------------------------------------+----------+
|   1 | Udemy - java-the-com.. |     C Drive |                                                                    Documents\Udemy Courses |   8.97GB |
|   2 | Udemy - machinelearn.. |     C Drive |                                                                    Documents\Udemy Courses |   5.48GB |
|   3 | Udemy - complete-and.. |     C Drive |                                                                    Documents\Udemy Courses |   4.78GB |
|   4 | Wonder.Woman.2017.10.. |     C Drive |                 Videos\Movies\Wonder.Woman.2017.1080p.KORSUB.HDRip.x264.AAC2.0-STUTTERSHIT |   4.63GB |
|   5 |  3 Idiots Full Movie.. |     C Drive |                                                                                     Videos |   3.09GB |
|   6 | system_image.emmc.wi.. |     C Drive |            Documents\zuk custom\TWRP\BACKUPS\3dbdb8d2\1971-04-06--01-25-39_NRD90M_dev-keys |   3.00GB |
|   7 | Pirates of the Carib.. |     C Drive | Videos\Movies\Pirates of the Caribbean Dead Men Tell No Tales 2017 HDCAM V2 XviD - UnKnOwN |   2.50GB |
|   8 | Pirates.of.the.Carib.. |     C Drive |                      Videos\Movies\Pirates of the Caribbean - At Worlds End (2007) [1080p] |   2.50GB |
|   9 | Adobe Photoshop Elem.. |     C Drive |                                                        Documents\Downloads File\Compressed |   2.39GB |
|  10 | en_office_profession.. |     C Drive |                                                                                  Documents |   2.26GB |
+-----+------------------------+-------------+--------------------------------------------------------------------------------------------+----------+
DESKTOP MOVES
+-------------------------+------------+----------------------------------+
|                FileName | ActualPath | NewPath(Documents\DesktopFiles\) |
+-------------------------+------------+----------------------------------+
|                    a.py |    Desktop |                 DevelopmentFiles |
|             demo.tar.gz |    Desktop |                       Compressed |
|                   du.py |    Desktop |                 DevelopmentFiles |
|       Resume - Copy.pdf |    Desktop |                        DataFiles |
|             Resume.docx |    Desktop |                        TextFiles |
|              Resume.pdf |    Desktop |                        DataFiles |
|              Resume.zip |    Desktop |                       Compressed |
| ResumeKshitijNagar.docx |    Desktop |                        TextFiles |
|  ResumeKshitijNagar.pdf |    Desktop |                        DataFiles |
|               TODOs.txt |    Desktop |                        TextFiles |
+-------------------------+------------+----------------------------------+
DOWNLOADS MOVES
+----------------------------+------------+-----------------------------------+
|                   FileName | ActualPath | NewPath(Documents\DownloadsFile\) |
+----------------------------+------------+-----------------------------------+
| IMG_20180217_062153847.jpg |  Downloads |                            Images |
| IMG_20180217_062215133.jpg |  Downloads |                            Images |
| IMG_20180217_062559349.jpg |  Downloads |                            Images |
| IMG_20180217_071917466.jpg |  Downloads |                            Images |
| IMG_20180217_071922660.jpg |  Downloads |                            Images |
+----------------------------+------------+-----------------------------------+
ROLLED BACK PREVIOUS MOVES

DESKTOP MOVES
+------------------------+------------+----------------------------------+
|               FileName | ActualPath | NewPath(Documents\DesktopFiles\) |
+------------------------+------------+----------------------------------+
|      Resume - Copy.pdf |    Desktop |                        DataFiles |
|             Resume.zip |    Desktop |                       Compressed |
| ResumeKshitijNagar.pdf |    Desktop |                        DataFiles |
+------------------------+------------+----------------------------------+
ROLLED BACK PREVIOUS MOVES

DESKTOP MOVES
+------------------------+------------+----------------------------------+
|               FileName | ActualPath | NewPath(Documents\DesktopFiles\) |
+------------------------+------------+----------------------------------+
|                   a.py |    Desktop |                 DevelopmentFiles |
|      Resume - Copy.pdf |    Desktop |                        DataFiles |
|             Resume.zip |    Desktop |                       Compressed |
| ResumeKshitijNagar.pdf |    Desktop |                        DataFiles |
+------------------------+------------+----------------------------------+
ROLLED BACK PREVIOUS MOVES

DESKTOP MOVES
+------------------------+------------+----------------------------------+
|               FileName | ActualPath | NewPath(Documents\DesktopFiles\) |
+------------------------+------------+----------------------------------+
|                   a.py |    Desktop |                 DevelopmentFiles |
|            demo.tar.gz |    Desktop |                       Compressed |
|                  du.py |    Desktop |                 DevelopmentFiles |
|      Resume - Copy.pdf |    Desktop |                        DataFiles |
|            Resume.docx |    Desktop |                        TextFiles |
|             Resume.pdf |    Desktop |                        DataFiles |
|             Resume.zip |    Desktop |                       Compressed |
| ResumeKshitijNagar.pdf |    Desktop |                        DataFiles |
|              TODOs.txt |    Desktop |                        TextFiles |
+------------------------+------------+----------------------------------+
ROLLED BACK PREVIOUS MOVES
